This is pdfTeX, Version 3.14159265-2.6-1.40.18 (TeX Live 2017) (preloaded format=pdflatex 2018.2.18)  16 JUL 2018 23:46
entering extended mode
 restricted \write18 enabled.
 file:line:error style messages enabled.
 %&-line parsing enabled.
**bare_conf.tex
(./bare_conf.tex
LaTeX2e <2017-04-15>
Babel <3.10> and hyphenation patterns for 84 language(s) loaded.
(./IEEEtran.cls
Document Class: IEEEtran 2007/03/05 V1.7a by Michael Shell
-- See the "IEEEtran_HOWTO" manual for usage information.
-- http://www.michaelshell.org/tex/ieeetran/
\@IEEEtrantmpdimenA=\dimen102
\@IEEEtrantmpdimenB=\dimen103
\@IEEEtrantmpcountA=\count79
\@IEEEtrantmpcountB=\count80
\@IEEEtrantmptoksA=\toks14
LaTeX Font Info:    Try loading font information for OT1+ptm on input line 373.

(/usr/local/texlive/2017/texmf-dist/tex/latex/psnfss/ot1ptm.fd
File: ot1ptm.fd 2001/06/04 font definitions for OT1/ptm.
)
-- Using 210mm x 297mm (a4) paper.
-- Using PDF output.
\@IEEEnormalsizeunitybaselineskip=\dimen104
-- This is a 10 point document.
\CLASSINFOnormalsizebaselineskip=\dimen105
\CLASSINFOnormalsizeunitybaselineskip=\dimen106
\IEEEnormaljot=\dimen107
LaTeX Font Info:    Font shape `OT1/ptm/bx/n' in size <5> not available
(Font)              Font shape `OT1/ptm/b/n' tried instead on input line 731.
LaTeX Font Info:    Font shape `OT1/ptm/bx/it' in size <5> not available
(Font)              Font shape `OT1/ptm/b/it' tried instead on input line 731.
LaTeX Font Info:    Font shape `OT1/ptm/bx/n' in size <7> not available
(Font)              Font shape `OT1/ptm/b/n' tried instead on input line 731.
LaTeX Font Info:    Font shape `OT1/ptm/bx/it' in size <7> not available
(Font)              Font shape `OT1/ptm/b/it' tried instead on input line 731.
LaTeX Font Info:    Font shape `OT1/ptm/bx/n' in size <8> not available
(Font)              Font shape `OT1/ptm/b/n' tried instead on input line 731.
LaTeX Font Info:    Font shape `OT1/ptm/bx/it' in size <8> not available
(Font)              Font shape `OT1/ptm/b/it' tried instead on input line 731.
LaTeX Font Info:    Font shape `OT1/ptm/bx/n' in size <9> not available
(Font)              Font shape `OT1/ptm/b/n' tried instead on input line 731.
LaTeX Font Info:    Font shape `OT1/ptm/bx/it' in size <9> not available
(Font)              Font shape `OT1/ptm/b/it' tried instead on input line 731.
LaTeX Font Info:    Font shape `OT1/ptm/bx/n' in size <10> not available
(Font)              Font shape `OT1/ptm/b/n' tried instead on input line 731.
LaTeX Font Info:    Font shape `OT1/ptm/bx/it' in size <10> not available
(Font)              Font shape `OT1/ptm/b/it' tried instead on input line 731.
LaTeX Font Info:    Font shape `OT1/ptm/bx/n' in size <11> not available
(Font)              Font shape `OT1/ptm/b/n' tried instead on input line 731.
LaTeX Font Info:    Font shape `OT1/ptm/bx/it' in size <11> not available
(Font)              Font shape `OT1/ptm/b/it' tried instead on input line 731.
LaTeX Font Info:    Font shape `OT1/ptm/bx/n' in size <12> not available
(Font)              Font shape `OT1/ptm/b/n' tried instead on input line 731.
LaTeX Font Info:    Font shape `OT1/ptm/bx/it' in size <12> not available
(Font)              Font shape `OT1/ptm/b/it' tried instead on input line 731.
LaTeX Font Info:    Font shape `OT1/ptm/bx/n' in size <17> not available
(Font)              Font shape `OT1/ptm/b/n' tried instead on input line 731.
LaTeX Font Info:    Font shape `OT1/ptm/bx/it' in size <17> not available
(Font)              Font shape `OT1/ptm/b/it' tried instead on input line 731.
LaTeX Font Info:    Font shape `OT1/ptm/bx/n' in size <20> not available
(Font)              Font shape `OT1/ptm/b/n' tried instead on input line 731.
LaTeX Font Info:    Font shape `OT1/ptm/bx/it' in size <20> not available
(Font)              Font shape `OT1/ptm/b/it' tried instead on input line 731.
LaTeX Font Info:    Font shape `OT1/ptm/bx/n' in size <24> not available
(Font)              Font shape `OT1/ptm/b/n' tried instead on input line 731.
LaTeX Font Info:    Font shape `OT1/ptm/bx/it' in size <24> not available
(Font)              Font shape `OT1/ptm/b/it' tried instead on input line 731.
\IEEEilabelindentA=\dimen108
\IEEEilabelindentB=\dimen109
\IEEEilabelindent=\dimen110
\IEEEelabelindent=\dimen111
\IEEEdlabelindent=\dimen112
\IEEElabelindent=\dimen113
\IEEEiednormlabelsep=\dimen114
\IEEEiedmathlabelsep=\dimen115
\IEEEiedtopsep=\skip41
\c@section=\count81
\c@subsection=\count82
\c@subsubsection=\count83
\c@paragraph=\count84
\c@IEEEsubequation=\count85
\abovecaptionskip=\skip42
\belowcaptionskip=\skip43
\c@figure=\count86
\c@table=\count87
\@IEEEeqnnumcols=\count88
\@IEEEeqncolcnt=\count89
\@IEEEtmpitemindent=\dimen116
\c@IEEEbiography=\count90
\@IEEEtranrubishbin=\box26
) (./bare_conf.aux

LaTeX Warning: Label `eq:bola' multiply defined.

)
\openout1 = `bare_conf.aux'.

LaTeX Font Info:    Checking defaults for OML/cmm/m/it on input line 351.
LaTeX Font Info:    ... okay on input line 351.
LaTeX Font Info:    Checking defaults for T1/cmr/m/n on input line 351.
LaTeX Font Info:    ... okay on input line 351.
LaTeX Font Info:    Checking defaults for OT1/cmr/m/n on input line 351.
LaTeX Font Info:    ... okay on input line 351.
LaTeX Font Info:    Checking defaults for OMS/cmsy/m/n on input line 351.
LaTeX Font Info:    ... okay on input line 351.
LaTeX Font Info:    Checking defaults for OMX/cmex/m/n on input line 351.
LaTeX Font Info:    ... okay on input line 351.
LaTeX Font Info:    Checking defaults for U/cmr/m/n on input line 351.
LaTeX Font Info:    ... okay on input line 351.
LaTeX Font Info:    Font shape `OT1/ptm/bx/n' in size <14> not available
(Font)              Font shape `OT1/ptm/b/n' tried instead on input line 407.


LaTeX Warning: No \author given.


LaTeX Warning: No \author given.


Overfull \hbox (5.63524pt too wide) in paragraph at lines 431--436
[]\OT1/ptm/m/n/10 =========================================
 []


Overfull \hbox (1.27513pt too wide) in paragraph at lines 431--436
\OT1/ptm/m/n/10 ==========================================
 []


Overfull \hbox (1.27513pt too wide) in paragraph at lines 431--436
\OT1/ptm/m/n/10 ==========================================
 []


Overfull \hbox (1.27513pt too wide) in paragraph at lines 431--436
\OT1/ptm/m/n/10 ========================================== 
 []


LaTeX Warning: Citation `tesniere1959elements' on page 1 undefined on input lin
e 440.


LaTeX Warning: Citation `plotkin2000language' on page 1 undefined on input line
 440.


LaTeX Warning: Citation `heringer1993dependency' on page 1 undefined on input l
ine 440.


LaTeX Warning: Citation `tesniere1959elements' on page 1 undefined on input lin
e 447.


LaTeX Warning: Citation `hudson1984word' on page 1 undefined on input line 447.



LaTeX Warning: Citation `heringer1993dependency' on page 1 undefined on input l
ine 447.


LaTeX Warning: Citation `tesniere1959elements' on page 1 undefined on input lin
e 447.


LaTeX Warning: Citation `tesniere1959elements' on page 1 undefined on input lin
e 447.


LaTeX Warning: Citation `hudson1984word' on page 1 undefined on input line 447.



LaTeX Warning: Citation `liu2009chinese' on page 1 undefined on input line 447.


./bare_conf.tex:447: Undefined control sequence.
l.447 ...ng the two constituents, as shown in \pic
                                                  ~\ref{fig:tautandependensi...

? s
OK, entering \scrollmode...
./bare_conf.tex:450: Undefined control sequence.
l.450 	\centering \includegraphics
                                  [width=0.8
The control sequence at the end of the top line
of your error message was never \def'ed. If you have
misspelled it (e.g., `\hobx'), type `I' and the correct
spelling (e.g., `I\hbox'). Otherwise just continue,
and I'll forget about whatever was undefined.

./bare_conf.tex:451: Missing number, treated as zero.
<to be read again> 
                   ]
l.451 	\textwidth]
                   {pics/tautandependensi.png} \caption{Elements of a depend...
A number should have been here; I inserted `0'.
(If you can't figure out why I needed to see a number,
look up `weird error' in the index to The TeXbook.)

./bare_conf.tex:451: Illegal unit of measure (pt inserted).
<to be read again> 
                   ]
l.451 	\textwidth]
                   {pics/tautandependensi.png} \caption{Elements of a depend...
Dimensions can be in units of em, ex, in, pt, pc,
cm, mm, dd, cc, nd, nc, bp, or sp; but yours is a new one!
I'll assume that you meant to say pt, for printer's points.
To recover gracefully from this error, it's best to
delete the erroneous units; e.g., type `2' to delete
two letters. (See Chapter 27 of The TeXbook.)

./bare_conf.tex:454: Undefined control sequence.
l.454 The arc in \pic
                     ~\ref{fig:tautandependensi} illustrates how a constitue...
The control sequence at the end of the top line
of your error message was never \def'ed. If you have
misspelled it (e.g., `\hobx'), type `I' and the correct
spelling (e.g., `I\hbox'). Otherwise just continue,
and I'll forget about whatever was undefined.


LaTeX Warning: Citation `hudson2003psychological' on page 1 undefined on input 
line 454.


LaTeX Warning: Citation `liu2008dependency' on page 1 undefined on input line 4
54.

LaTeX Font Info:    External font `cmex10' loaded for size
(Font)              <7> on input line 454.
LaTeX Font Info:    External font `cmex10' loaded for size
(Font)              <5> on input line 454.

LaTeX Warning: Citation `liu2008dependency' on page 1 undefined on input line 4
54.


LaTeX Warning: Citation `liu2017dependency' on page 1 undefined on input line 4
54.


LaTeX Warning: Citation `futrell2015large' on page 1 undefined on input line 45
4.


LaTeX Warning: Citation `gildea2010grammars' on page 1 undefined on input line 
456.


LaTeX Warning: Citation `futrell2015large' on page 1 undefined on input line 45
6.


./bare_conf.tex:458: LaTeX Error: Environment align undefined.

See the LaTeX manual or LaTeX Companion for explanation.
Type  H <return>  for immediate help.
 ...                                              
                                                  
l.458 \begin{align}
                   \label{eq:bola}
Your command was ignored.
Type  I <command> <return>  to replace it with another command,
or  <return>  to continue without it.

./bare_conf.tex:459: Missing $ inserted.
<inserted text> 
                $
l.459 	\displaystyle
                    \sum_{i=1}^{n-1} |DD_i|
I've inserted a begin-math/end-math symbol since I think
you left one out. Proceed, with fingers crossed.


./bare_conf.tex:460: LaTeX Error: \begin{document} ended by \end{align}.

See the LaTeX manual or LaTeX Companion for explanation.
Type  H <return>  for immediate help.
 ...                                              
                                                  
l.460 \end{align}
                 
Your command was ignored.
Type  I <command> <return>  to replace it with another command,
or  <return>  to continue without it.

./bare_conf.tex:460: Missing $ inserted.
<inserted text> 
                $
l.460 \end{align}
                 
I've inserted something that you may have forgotten.
(See the <inserted text> above.)
With luck, this will get me unwedged. But if you
really didn't forget anything, try typing `2' now; then
my insertion and my current dilemma will both disappear.


LaTeX Warning: Citation `liu2008dependency' on page 1 undefined on input line 4
62.


LaTeX Warning: Citation `liu2017dependency' on page 1 undefined on input line 4
62.


./bare_conf.tex:464: LaTeX Error: Environment align undefined.

See the LaTeX manual or LaTeX Companion for explanation.
Type  H <return>  for immediate help.
 ...                                              
                                                  
l.464 \begin{align}
                   \label{eq:bola}
Your command was ignored.
Type  I <command> <return>  to replace it with another command,
or  <return>  to continue without it.

./bare_conf.tex:465: Missing $ inserted.
<inserted text> 
                $
l.465 	\frac{1}{n-1}
                     \displaystyle\sum_{i=1}^{n-1} |DD_i|
I've inserted a begin-math/end-math symbol since I think
you left one out. Proceed, with fingers crossed.

./bare_conf.tex:465: Extra }, or forgotten $.
\frac #1#2->{\begingroup #1\endgroup \over #2}
                                              
l.465 	\frac{1}{n-1}
                     \displaystyle\sum_{i=1}^{n-1} |DD_i|
I've deleted a group-closing symbol because it seems to be
spurious, as in `$x}$'. But perhaps the } is legitimate and
you forgot something else, as in `\hbox{$x}'. In such cases
the way to recover is to insert both the forgotten and the
deleted material, e.g., by typing `I$}'.


./bare_conf.tex:466: LaTeX Error: \begin{document} ended by \end{align}.

See the LaTeX manual or LaTeX Companion for explanation.
Type  H <return>  for immediate help.
 ...                                              
                                                  
l.466 \end{align}
                 
Your command was ignored.
Type  I <command> <return>  to replace it with another command,
or  <return>  to continue without it.

./bare_conf.tex:466: Missing $ inserted.
<inserted text> 
                $
l.466 \end{align}
                 
I've inserted something that you may have forgotten.
(See the <inserted text> above.)
With luck, this will get me unwedged. But if you
really didn't forget anything, try typing `2' now; then
my insertion and my current dilemma will both disappear.

./bare_conf.tex:466: Missing } inserted.
<inserted text> 
                }
l.466 \end{align}
                 
I've inserted something that you may have forgotten.
(See the <inserted text> above.)
With luck, this will get me unwedged. But if you
really didn't forget anything, try typing `2' now; then
my insertion and my current dilemma will both disappear.


LaTeX Warning: Citation `hawkins1994performance' on page 1 undefined on input l
ine 470.


LaTeX Warning: Citation `radford1997syntactic' on page 1 undefined on input lin
e 470.


LaTeX Warning: Citation `vennemann1994linguistic' on page 1 undefined on input 
line 470.

./bare_conf.tex:470: Undefined control sequence.
l.470 ...d that this consistency, as shown in \pic
                                                  ~\ref{fig:samebranching}, ...
The control sequence at the end of the top line
of your error message was never \def'ed. If you have
misspelled it (e.g., `\hobx'), type `I' and the correct
spelling (e.g., `I\hbox'). Otherwise just continue,
and I'll forget about whatever was undefined.


LaTeX Warning: Citation `hawkins1994performance' on page 1 undefined on input l
ine 470.


LaTeX Warning: Citation `frazier1985syntactic' on page 1 undefined on input lin
e 470.

./bare_conf.tex:473: Undefined control sequence.
l.473 	\centering \includegraphics
                                  [width=0.5
The control sequence at the end of the top line
of your error message was never \def'ed. If you have
misspelled it (e.g., `\hobx'), type `I' and the correct
spelling (e.g., `I\hbox'). Otherwise just continue,
and I'll forget about whatever was undefined.

./bare_conf.tex:474: Missing number, treated as zero.
<to be read again> 
                   ]
l.474 	\textwidth]
                   {pics/samebranching.png} \caption{Same-branching dependen...
A number should have been here; I inserted `0'.
(If you can't figure out why I needed to see a number,
look up `weird error' in the index to The TeXbook.)

./bare_conf.tex:474: Illegal unit of measure (pt inserted).
<to be read again> 
                   ]
l.474 	\textwidth]
                   {pics/samebranching.png} \caption{Same-branching dependen...
Dimensions can be in units of em, ex, in, pt, pc,
cm, mm, dd, cc, nd, nc, bp, or sp; but yours is a new one!
I'll assume that you meant to say pt, for printer's points.
To recover gracefully from this error, it's best to
delete the erroneous units; e.g., type `2' to delete
two letters. (See Chapter 27 of The TeXbook.)

./bare_conf.tex:478: Undefined control sequence.
l.478 	\centering \includegraphics
                                  [width=0.5
The control sequence at the end of the top line
of your error message was never \def'ed. If you have
misspelled it (e.g., `\hobx'), type `I' and the correct
spelling (e.g., `I\hbox'). Otherwise just continue,
and I'll forget about whatever was undefined.

./bare_conf.tex:479: Missing number, treated as zero.
<to be read again> 
                   ]
l.479 	\textwidth]
                   {pics/mixedbranching.png} \caption{Mixed-branching depend...
A number should have been here; I inserted `0'.
(If you can't figure out why I needed to see a number,
look up `weird error' in the index to The TeXbook.)

./bare_conf.tex:479: Illegal unit of measure (pt inserted).
<to be read again> 
                   ]
l.479 	\textwidth]
                   {pics/mixedbranching.png} \caption{Mixed-branching depend...
Dimensions can be in units of em, ex, in, pt, pc,
cm, mm, dd, cc, nd, nc, bp, or sp; but yours is a new one!
I'll assume that you meant to say pt, for printer's points.
To recover gracefully from this error, it's best to
delete the erroneous units; e.g., type `2' to delete
two letters. (See Chapter 27 of The TeXbook.)


LaTeX Warning: Citation `temperley2008dependency' on page 1 undefined on input 
line 482.


LaTeX Warning: Citation `dryer1992greenbergian' on page 1 undefined on input li
ne 482.

./bare_conf.tex:482: Undefined control sequence.
l.482 ... same branching and mixed branching (\pic
                                                  ~\ref{fig:mixedbranching})...
The control sequence at the end of the top line
of your error message was never \def'ed. If you have
misspelled it (e.g., `\hobx'), type `I' and the correct
spelling (e.g., `I\hbox'). Otherwise just continue,
and I'll forget about whatever was undefined.

./bare_conf.tex:482: Undefined control sequence.
l.482 ...d the shortest dependency distances (\pic
                                                  ~\ref{fig:balancedbranchin...
The control sequence at the end of the top line
of your error message was never \def'ed. If you have
misspelled it (e.g., `\hobx'), type `I' and the correct
spelling (e.g., `I\hbox'). Otherwise just continue,
and I'll forget about whatever was undefined.


LaTeX Warning: Citation `gildea2010grammars' on page 1 undefined on input line 
482.

[1{/usr/local/texlive/2017/texmf-var/fonts/map/pdftex/updmap/pdftex.map}


]
./bare_conf.tex:485: Undefined control sequence.
l.485 	\centering \includegraphics
                                  [width=0.8
The control sequence at the end of the top line
of your error message was never \def'ed. If you have
misspelled it (e.g., `\hobx'), type `I' and the correct
spelling (e.g., `I\hbox'). Otherwise just continue,
and I'll forget about whatever was undefined.

./bare_conf.tex:486: Missing number, treated as zero.
<to be read again> 
                   ]
l.486 	\textwidth]
                   {pics/balancedbranching.png} \caption{Keseimbangan direks...
A number should have been here; I inserted `0'.
(If you can't figure out why I needed to see a number,
look up `weird error' in the index to The TeXbook.)

./bare_conf.tex:486: Illegal unit of measure (pt inserted).
<to be read again> 
                   ]
l.486 	\textwidth]
                   {pics/balancedbranching.png} \caption{Keseimbangan direks...
Dimensions can be in units of em, ex, in, pt, pc,
cm, mm, dd, cc, nd, nc, bp, or sp; but yours is a new one!
I'll assume that you meant to say pt, for printer's points.
To recover gracefully from this error, it's best to
delete the erroneous units; e.g., type `2' to delete
two letters. (See Chapter 27 of The TeXbook.)

./bare_conf.tex:491: Undefined control sequence.
l.491 ..., parsed, and cleaned using UDPipe \citep
                                                  {udpipe2017} and manual ve...
The control sequence at the end of the top line
of your error message was never \def'ed. If you have
misspelled it (e.g., `\hobx'), type `I' and the correct
spelling (e.g., `I\hbox'). Otherwise just continue,
and I'll forget about whatever was undefined.

./bare_conf.tex:491: Undefined control sequence.
l.491 ...} and manual verifications. UDPipe \citep
                                                  {udpipe2017} is a trainabl...
The control sequence at the end of the top line
of your error message was never \def'ed. If you have
misspelled it (e.g., `\hobx'), type `I' and the correct
spelling (e.g., `I\hbox'). Otherwise just continue,
and I'll forget about whatever was undefined.

./bare_conf.tex:491: Undefined control sequence.
l.491 ...ided by Universal Dependencies 2.0 \citep
                                                  {nivre2017universal} that ...
The control sequence at the end of the top line
of your error message was never \def'ed. If you have
misspelled it (e.g., `\hobx'), type `I' and the correct
spelling (e.g., `I\hbox'). Otherwise just continue,
and I'll forget about whatever was undefined.


Overfull \hbox (5.63524pt too wide) in paragraph at lines 493--495
[]\OT1/ptm/m/n/10 =========================================
 []


Overfull \hbox (1.27513pt too wide) in paragraph at lines 493--495
\OT1/ptm/m/n/10 ========================================== 
 []

./bare_conf.tex:496: Undefined control sequence.
l.496 ...hap berikutnya memanfaatkan UDPipe \citep
                                                  {udpipe2017} yang merupaka...
The control sequence at the end of the top line
of your error message was never \def'ed. If you have
misspelled it (e.g., `\hobx'), type `I' and the correct
spelling (e.g., `I\hbox'). Otherwise just continue,
and I'll forget about whatever was undefined.

./bare_conf.tex:496: Undefined control sequence.
l.496 ...CRAN pihak ketiga UDPipe versi 0.5 \citep
                                                  {udpipe2017manual} pada ba...
The control sequence at the end of the top line
of your error message was never \def'ed. If you have
misspelled it (e.g., `\hobx'), type `I' and the correct
spelling (e.g., `I\hbox'). Otherwise just continue,
and I'll forget about whatever was undefined.

./bare_conf.tex:496: Undefined control sequence.
l.496 ...bahasa pemrograman R (versi 3.3.3) \citep
                                                  {r2017project}. Bahasa pem...
The control sequence at the end of the top line
of your error message was never \def'ed. If you have
misspelled it (e.g., `\hobx'), type `I' and the correct
spelling (e.g., `I\hbox'). Otherwise just continue,
and I'll forget about whatever was undefined.

./bare_conf.tex:496: Undefined control sequence.
l.496 ...an R ini dijalankan dengan RStudio \citep
                                                  {rstudio2017}, sebuah pera...
The control sequence at the end of the top line
of your error message was never \def'ed. If you have
misspelled it (e.g., `\hobx'), type `I' and the correct
spelling (e.g., `I\hbox'). Otherwise just continue,
and I'll forget about whatever was undefined.

./bare_conf.tex:498: Undefined control sequence.
l.498 ...koleksi Universal Dependencies 2.0 \citep
                                                  {nivre2017universal} denga...
The control sequence at the end of the top line
of your error message was never \def'ed. If you have
misspelled it (e.g., `\hobx'), type `I' and the correct
spelling (e.g., `I\hbox'). Otherwise just continue,
and I'll forget about whatever was undefined.

./bare_conf.tex:498: Undefined control sequence.
l.498 ...ual terhadap data bahasa Indonesia \citep
                                                  {larasati2011indonesian}. ...
The control sequence at the end of the top line
of your error message was never \def'ed. If you have
misspelled it (e.g., `\hobx'), type `I' and the correct
spelling (e.g., `I\hbox'). Otherwise just continue,
and I'll forget about whatever was undefined.

./bare_conf.tex:498: Undefined control sequence.
l.498 ...sia memiliki akurasi 74,3\%-80,6\% \citep
                                                  {udpipe2017}. Setelah mela...
The control sequence at the end of the top line
of your error message was never \def'ed. If you have
misspelled it (e.g., `\hobx'), type `I' and the correct
spelling (e.g., `I\hbox'). Otherwise just continue,
and I'll forget about whatever was undefined.

./bare_conf.tex:498: Undefined control sequence.
l.498 ...bahasa pemrograman R (versi 3.3.3) \citep
                                                  {r2017project} dan Python ...
The control sequence at the end of the top line
of your error message was never \def'ed. If you have
misspelled it (e.g., `\hobx'), type `I' and the correct
spelling (e.g., `I\hbox'). Otherwise just continue,
and I'll forget about whatever was undefined.

./bare_conf.tex:500: Undefined control sequence.
l.500 ...sebelumnya dan divisualisasikan pada \pic
                                                  ~\ref{fig:tautandependensi...
The control sequence at the end of the top line
of your error message was never \def'ed. If you have
misspelled it (e.g., `\hobx'), type `I' and the correct
spelling (e.g., `I\hbox'). Otherwise just continue,
and I'll forget about whatever was undefined.

./bare_conf.tex:500: Undefined control sequence.
l.500 ... yang diambil dari data ragam tulis (\pic
                                                  ~\ref{fig:contohtulis}) da...
The control sequence at the end of the top line
of your error message was never \def'ed. If you have
misspelled it (e.g., `\hobx'), type `I' and the correct
spelling (e.g., `I\hbox'). Otherwise just continue,
and I'll forget about whatever was undefined.


LaTeX Warning: Reference `fig:contohtulis' on page 2 undefined on input line 50
0.

./bare_conf.tex:500: Undefined control sequence.
l.500 ...f{fig:contohtulis}) dan ragam lisan (\pic
                                                  ~\ref{fig:contohlisan}). K...
The control sequence at the end of the top line
of your error message was never \def'ed. If you have
misspelled it (e.g., `\hobx'), type `I' and the correct
spelling (e.g., `I\hbox'). Otherwise just continue,
and I'll forget about whatever was undefined.


LaTeX Warning: Reference `fig:contohlisan' on page 2 undefined on input line 50
0.

./bare_conf.tex:500: Undefined control sequence.
l.500 ...alam sebuah kalimat. Sebagai contoh, \pic
                                                  ~\ref{fig:contohtulis} mem...
The control sequence at the end of the top line
of your error message was never \def'ed. If you have
misspelled it (e.g., `\hobx'), type `I' and the correct
spelling (e.g., `I\hbox'). Otherwise just continue,
and I'll forget about whatever was undefined.


LaTeX Warning: Reference `fig:contohtulis' on page 2 undefined on input line 50
0.


LaTeX Warning: Citation `temperley2008dependency' on page 2 undefined on input 
line 502.


LaTeX Warning: Citation `dryer1992greenbergian' on page 2 undefined on input li
ne 502.


Underfull \hbox (badness 2126) in paragraph at lines 502--503
[]\OT1/ptm/m/n/10 Simpai pusat merep-re-sen-tasikan relasi-relasi utama
 []

[2]
Overfull \hbox (5.63524pt too wide) in paragraph at lines 504--506
[]\OT1/ptm/m/n/10 =========================================
 []


Overfull \hbox (1.27513pt too wide) in paragraph at lines 504--506
\OT1/ptm/m/n/10 ========================================== 
 []

./bare_conf.tex:509: Undefined control sequence.
l.509 ...rs approaches from similar studies \citep
                                                  {oya2011syntactic, jiang20...
The control sequence at the end of the top line
of your error message was never \def'ed. If you have
misspelled it (e.g., `\hobx'), type `I' and the correct
spelling (e.g., `I\hbox'). Otherwise just continue,
and I'll forget about whatever was undefined.


Overfull \hbox (5.63524pt too wide) in paragraph at lines 522--524
[]\OT1/ptm/m/n/10 =========================================
 []


Overfull \hbox (1.27513pt too wide) in paragraph at lines 522--524
\OT1/ptm/m/n/10 ========================================== 
 []

./bare_conf.tex:525: Undefined control sequence.
l.525 ...nsi maupun jaraknya. Sebagai contoh, \pic
                                                  ~\ref{fig:ts6841} dan \pic...
The control sequence at the end of the top line
of your error message was never \def'ed. If you have
misspelled it (e.g., `\hobx'), type `I' and the correct
spelling (e.g., `I\hbox'). Otherwise just continue,
and I'll forget about whatever was undefined.

./bare_conf.tex:525: Undefined control sequence.
l.525 ...ai contoh, \pic~\ref{fig:ts6841} dan \pic
                                                  ~\ref{fig:ls7375} merupaka...
The control sequence at the end of the top line
of your error message was never \def'ed. If you have
misspelled it (e.g., `\hobx'), type `I' and the correct
spelling (e.g., `I\hbox'). Otherwise just continue,
and I'll forget about whatever was undefined.

./bare_conf.tex:525: Undefined control sequence.
l.525 ...us data ragam tulis dan lisan. Dalam \pic
                                                  ~\ref{fig:ts6841}, seluruh...
The control sequence at the end of the top line
of your error message was never \def'ed. If you have
misspelled it (e.g., `\hobx'), type `I' and the correct
spelling (e.g., `I\hbox'). Otherwise just continue,
and I'll forget about whatever was undefined.

./bare_conf.tex:525: Undefined control sequence.
l.525 ...ensi negatif sebanyak 0. Sebaliknya, \pic
                                                  ~\ref{fig:ls7375} hanya me...
The control sequence at the end of the top line
of your error message was never \def'ed. If you have
misspelled it (e.g., `\hobx'), type `I' and the correct
spelling (e.g., `I\hbox'). Otherwise just continue,
and I'll forget about whatever was undefined.


./bare_conf.tex:530: LaTeX Error: Environment subfigure undefined.

See the LaTeX manual or LaTeX Companion for explanation.
Type  H <return>  for immediate help.
 ...                                              
                                                  
l.530 \begin{subfigure}
                       {.32\linewidth}
Your command was ignored.
Type  I <command> <return>  to replace it with another command,
or  <return>  to continue without it.

./bare_conf.tex:530: Missing number, treated as zero.
<to be read again> 
                   }
l.530 \begin{subfigure}{.32\linewidth}
                                      
A number should have been here; I inserted `0'.
(If you can't figure out why I needed to see a number,
look up `weird error' in the index to The TeXbook.)

./bare_conf.tex:530: Illegal unit of measure (pt inserted).
<to be read again> 
                   }
l.530 \begin{subfigure}{.32\linewidth}
                                      
Dimensions can be in units of em, ex, in, pt, pc,
cm, mm, dd, cc, nd, nc, bp, or sp; but yours is a new one!
I'll assume that you meant to say pt, for printer's points.
To recover gracefully from this error, it's best to
delete the erroneous units; e.g., type `2' to delete
two letters. (See Chapter 27 of The TeXbook.)

./bare_conf.tex:532: Undefined control sequence.
l.532   \includegraphics
                        [width=1\linewidth] {pics/ts6841.jpg}
The control sequence at the end of the top line
of your error message was never \def'ed. If you have
misspelled it (e.g., `\hobx'), type `I' and the correct
spelling (e.g., `I\hbox'). Otherwise just continue,
and I'll forget about whatever was undefined.

./bare_conf.tex:532: Missing number, treated as zero.
<to be read again> 
                   ]
l.532   \includegraphics[width=1\linewidth]
                                            {pics/ts6841.jpg}
A number should have been here; I inserted `0'.
(If you can't figure out why I needed to see a number,
look up `weird error' in the index to The TeXbook.)

./bare_conf.tex:532: Illegal unit of measure (pt inserted).
<to be read again> 
                   ]
l.532   \includegraphics[width=1\linewidth]
                                            {pics/ts6841.jpg}
Dimensions can be in units of em, ex, in, pt, pc,
cm, mm, dd, cc, nd, nc, bp, or sp; but yours is a new one!
I'll assume that you meant to say pt, for printer's points.
To recover gracefully from this error, it's best to
delete the erroneous units; e.g., type `2' to delete
two letters. (See Chapter 27 of The TeXbook.)


./bare_conf.tex:535: LaTeX Error: \begin{figure} on input line 527 ended by \en
d{subfigure}.

See the LaTeX manual or LaTeX Companion for explanation.
Type  H <return>  for immediate help.
 ...                                              
                                                  
l.535 \end{subfigure}
                     
Your command was ignored.
Type  I <command> <return>  to replace it with another command,
or  <return>  to continue without it.


./bare_conf.tex:537: LaTeX Error: Environment subfigure undefined.

See the LaTeX manual or LaTeX Companion for explanation.
Type  H <return>  for immediate help.
 ...                                              
                                                  
l.537 \begin{subfigure}
                       {.46\linewidth}
Your command was ignored.
Type  I <command> <return>  to replace it with another command,
or  <return>  to continue without it.

./bare_conf.tex:537: Missing number, treated as zero.
<to be read again> 
                   }
l.537 \begin{subfigure}{.46\linewidth}
                                      
A number should have been here; I inserted `0'.
(If you can't figure out why I needed to see a number,
look up `weird error' in the index to The TeXbook.)

./bare_conf.tex:537: Illegal unit of measure (pt inserted).
<to be read again> 
                   }
l.537 \begin{subfigure}{.46\linewidth}
                                      
Dimensions can be in units of em, ex, in, pt, pc,
cm, mm, dd, cc, nd, nc, bp, or sp; but yours is a new one!
I'll assume that you meant to say pt, for printer's points.
To recover gracefully from this error, it's best to
delete the erroneous units; e.g., type `2' to delete
two letters. (See Chapter 27 of The TeXbook.)

./bare_conf.tex:539: Undefined control sequence.
l.539   \includegraphics
                        [width=1\linewidth]{pics/ls7375.jpg}
The control sequence at the end of the top line
of your error message was never \def'ed. If you have
misspelled it (e.g., `\hobx'), type `I' and the correct
spelling (e.g., `I\hbox'). Otherwise just continue,
and I'll forget about whatever was undefined.

./bare_conf.tex:539: Missing number, treated as zero.
<to be read again> 
                   ]
l.539   \includegraphics[width=1\linewidth]
                                           {pics/ls7375.jpg}
A number should have been here; I inserted `0'.
(If you can't figure out why I needed to see a number,
look up `weird error' in the index to The TeXbook.)

./bare_conf.tex:539: Illegal unit of measure (pt inserted).
<to be read again> 
                   ]
l.539   \includegraphics[width=1\linewidth]
                                           {pics/ls7375.jpg}
Dimensions can be in units of em, ex, in, pt, pc,
cm, mm, dd, cc, nd, nc, bp, or sp; but yours is a new one!
I'll assume that you meant to say pt, for printer's points.
To recover gracefully from this error, it's best to
delete the erroneous units; e.g., type `2' to delete
two letters. (See Chapter 27 of The TeXbook.)


./bare_conf.tex:542: LaTeX Error: \begin{figure} on input line 527 ended by \en
d{subfigure}.

See the LaTeX manual or LaTeX Companion for explanation.
Type  H <return>  for immediate help.
 ...                                              
                                                  
l.542 \end{subfigure}
                     
Your command was ignored.
Type  I <command> <return>  to replace it with another command,
or  <return>  to continue without it.


./bare_conf.tex:553: LaTeX Error: Environment subfigure undefined.

See the LaTeX manual or LaTeX Companion for explanation.
Type  H <return>  for immediate help.
 ...                                              
                                                  
l.553 \begin{subfigure}
                       {.7\linewidth}
Your command was ignored.
Type  I <command> <return>  to replace it with another command,
or  <return>  to continue without it.

./bare_conf.tex:553: Missing number, treated as zero.
<to be read again> 
                   }
l.553 \begin{subfigure}{.7\linewidth}
                                     
A number should have been here; I inserted `0'.
(If you can't figure out why I needed to see a number,
look up `weird error' in the index to The TeXbook.)

./bare_conf.tex:553: Illegal unit of measure (pt inserted).
<to be read again> 
                   }
l.553 \begin{subfigure}{.7\linewidth}
                                     
Dimensions can be in units of em, ex, in, pt, pc,
cm, mm, dd, cc, nd, nc, bp, or sp; but yours is a new one!
I'll assume that you meant to say pt, for printer's points.
To recover gracefully from this error, it's best to
delete the erroneous units; e.g., type `2' to delete
two letters. (See Chapter 27 of The TeXbook.)

./bare_conf.tex:555: Undefined control sequence.
l.555   \includegraphics
                        [width=1\linewidth] {pics/tulis_DLposneg.png}
The control sequence at the end of the top line
of your error message was never \def'ed. If you have
misspelled it (e.g., `\hobx'), type `I' and the correct
spelling (e.g., `I\hbox'). Otherwise just continue,
and I'll forget about whatever was undefined.

./bare_conf.tex:555: Missing number, treated as zero.
<to be read again> 
                   ]
l.555   \includegraphics[width=1\linewidth]
                                            {pics/tulis_DLposneg.png}
A number should have been here; I inserted `0'.
(If you can't figure out why I needed to see a number,
look up `weird error' in the index to The TeXbook.)

./bare_conf.tex:555: Illegal unit of measure (pt inserted).
<to be read again> 
                   ]
l.555   \includegraphics[width=1\linewidth]
                                            {pics/tulis_DLposneg.png}
Dimensions can be in units of em, ex, in, pt, pc,
cm, mm, dd, cc, nd, nc, bp, or sp; but yours is a new one!
I'll assume that you meant to say pt, for printer's points.
To recover gracefully from this error, it's best to
delete the erroneous units; e.g., type `2' to delete
two letters. (See Chapter 27 of The TeXbook.)

./bare_conf.tex:555: Missing $ inserted.
<inserted text> 
                $
l.555 ...egraphics[width=1\linewidth] {pics/tulis_
                                                  DLposneg.png}
I've inserted a begin-math/end-math symbol since I think
you left one out. Proceed, with fingers crossed.

./bare_conf.tex:555: Extra }, or forgotten $.
l.555 ...th=1\linewidth] {pics/tulis_DLposneg.png}
                                                  
I've deleted a group-closing symbol because it seems to be
spurious, as in `$x}$'. But perhaps the } is legitimate and
you forgot something else, as in `\hbox{$x}'. In such cases
the way to recover is to insert both the forgotten and the
deleted material, e.g., by typing `I$}'.

./bare_conf.tex:556: Missing $ inserted.
<inserted text> 
                $
l.556 ...nsi positif dan negatif data ragam tulis}
                                                  
I've inserted a begin-math/end-math symbol since I think
you left one out. Proceed, with fingers crossed.


./bare_conf.tex:558: LaTeX Error: \begin{figure} on input line 550 ended by \en
d{subfigure}.

See the LaTeX manual or LaTeX Companion for explanation.
Type  H <return>  for immediate help.
 ...                                              
                                                  
l.558 \end{subfigure}
                     
Your command was ignored.
Type  I <command> <return>  to replace it with another command,
or  <return>  to continue without it.

./bare_conf.tex:558: Missing } inserted.
<inserted text> 
                }
l.558 \end{subfigure}
                     
I've inserted something that you may have forgotten.
(See the <inserted text> above.)
With luck, this will get me unwedged. But if you
really didn't forget anything, try typing `2' now; then
my insertion and my current dilemma will both disappear.


./bare_conf.tex:560: LaTeX Error: Environment subfigure undefined.

See the LaTeX manual or LaTeX Companion for explanation.
Type  H <return>  for immediate help.
 ...                                              
                                                  
l.560 \begin{subfigure}
                       {.7\linewidth}
Your command was ignored.
Type  I <command> <return>  to replace it with another command,
or  <return>  to continue without it.

./bare_conf.tex:560: Missing number, treated as zero.
<to be read again> 
                   }
l.560 \begin{subfigure}{.7\linewidth}
                                     
A number should have been here; I inserted `0'.
(If you can't figure out why I needed to see a number,
look up `weird error' in the index to The TeXbook.)

./bare_conf.tex:560: Illegal unit of measure (pt inserted).
<to be read again> 
                   }
l.560 \begin{subfigure}{.7\linewidth}
                                     
Dimensions can be in units of em, ex, in, pt, pc,
cm, mm, dd, cc, nd, nc, bp, or sp; but yours is a new one!
I'll assume that you meant to say pt, for printer's points.
To recover gracefully from this error, it's best to
delete the erroneous units; e.g., type `2' to delete
two letters. (See Chapter 27 of The TeXbook.)

./bare_conf.tex:562: Undefined control sequence.
l.562   \includegraphics
                        [width=1\linewidth]{pics/lisan_DLposneg.png}
The control sequence at the end of the top line
of your error message was never \def'ed. If you have
misspelled it (e.g., `\hobx'), type `I' and the correct
spelling (e.g., `I\hbox'). Otherwise just continue,
and I'll forget about whatever was undefined.

./bare_conf.tex:562: Missing number, treated as zero.
<to be read again> 
                   ]
l.562   \includegraphics[width=1\linewidth]
                                           {pics/lisan_DLposneg.png}
A number should have been here; I inserted `0'.
(If you can't figure out why I needed to see a number,
look up `weird error' in the index to The TeXbook.)

./bare_conf.tex:562: Illegal unit of measure (pt inserted).
<to be read again> 
                   ]
l.562   \includegraphics[width=1\linewidth]
                                           {pics/lisan_DLposneg.png}
Dimensions can be in units of em, ex, in, pt, pc,
cm, mm, dd, cc, nd, nc, bp, or sp; but yours is a new one!
I'll assume that you meant to say pt, for printer's points.
To recover gracefully from this error, it's best to
delete the erroneous units; e.g., type `2' to delete
two letters. (See Chapter 27 of The TeXbook.)

./bare_conf.tex:562: Missing $ inserted.
<inserted text> 
                $
l.562 ...degraphics[width=1\linewidth]{pics/lisan_
                                                  DLposneg.png}
I've inserted a begin-math/end-math symbol since I think
you left one out. Proceed, with fingers crossed.

./bare_conf.tex:562: Extra }, or forgotten $.
l.562 ...dth=1\linewidth]{pics/lisan_DLposneg.png}
                                                  
I've deleted a group-closing symbol because it seems to be
spurious, as in `$x}$'. But perhaps the } is legitimate and
you forgot something else, as in `\hbox{$x}'. In such cases
the way to recover is to insert both the forgotten and the
deleted material, e.g., by typing `I$}'.

./bare_conf.tex:563: Missing $ inserted.
<inserted text> 
                $
l.563 ...nsi positif dan negatif data ragam lisan}
                                                  
I've inserted a begin-math/end-math symbol since I think
you left one out. Proceed, with fingers crossed.


./bare_conf.tex:565: LaTeX Error: \begin{figure} on input line 550 ended by \en
d{subfigure}.

See the LaTeX manual or LaTeX Companion for explanation.
Type  H <return>  for immediate help.
 ...                                              
                                                  
l.565 \end{subfigure}
                     
Your command was ignored.
Type  I <command> <return>  to replace it with another command,
or  <return>  to continue without it.

./bare_conf.tex:565: Missing } inserted.
<inserted text> 
                }
l.565 \end{subfigure}
                     
I've inserted something that you may have forgotten.
(See the <inserted text> above.)
With luck, this will get me unwedged. But if you
really didn't forget anything, try typing `2' now; then
my insertion and my current dilemma will both disappear.

LaTeX Font Info:    External font `cmex10' loaded for size
(Font)              <8> on input line 567.
LaTeX Font Info:    External font `cmex10' loaded for size
(Font)              <6> on input line 567.
./bare_conf.tex:571: Undefined control sequence.
l.571 Berdasarkan \pic
                      ~\ref{fig:tulis_DLposneg} dan \pic~\ref{fig:lisan_DLpo...
The control sequence at the end of the top line
of your error message was never \def'ed. If you have
misspelled it (e.g., `\hobx'), type `I' and the correct
spelling (e.g., `I\hbox'). Otherwise just continue,
and I'll forget about whatever was undefined.

./bare_conf.tex:571: Undefined control sequence.
l.571 ...an \pic~\ref{fig:tulis_DLposneg} dan \pic
                                                  ~\ref{fig:lisan_DLposneg},...
The control sequence at the end of the top line
of your error message was never \def'ed. If you have
misspelled it (e.g., `\hobx'), type `I' and the correct
spelling (e.g., `I\hbox'). Otherwise just continue,
and I'll forget about whatever was undefined.

./bare_conf.tex:571: Undefined control sequence.
l.571 ...ada grafik arah depensi ragam lisan (\pic
                                                  ~\ref{fig:lisan_DLposneg})...
The control sequence at the end of the top line
of your error message was never \def'ed. If you have
misspelled it (e.g., `\hobx'), type `I' and the correct
spelling (e.g., `I\hbox'). Otherwise just continue,
and I'll forget about whatever was undefined.

LaTeX Font Info:    Try loading font information for OML+ptm on input line 578.

(/usr/local/texlive/2017/texmf-dist/tex/latex/psnfss/omlptm.fd
File: omlptm.fd 
)
LaTeX Font Info:    Font shape `OML/ptm/m/n' in size <8> not available
(Font)              Font shape `OML/cmm/m/it' tried instead on input line 578.

Underfull \hbox (badness 1708) in paragraph at lines 578--578
[]\OT1/ptm/m/n/8 Spoken (+
 []


Underfull \hbox (badness 1708) in paragraph at lines 578--578
[]\OT1/ptm/m/n/8 Spoken (+
 []

./bare_conf.tex:589: Undefined control sequence.
l.589 \tab
          ~\ref{tab:DLposneg} berisi frekuensi kalimat dengan melihat apakah...
The control sequence at the end of the top line
of your error message was never \def'ed. If you have
misspelled it (e.g., `\hobx'), type `I' and the correct
spelling (e.g., `I\hbox'). Otherwise just continue,
and I'll forget about whatever was undefined.

./bare_conf.tex:589: Undefined control sequence.
l.589 ...dalam analisis. Jumlah kalimat dalam \tab
                                                  ~\ref{tab:DLposneg} dihitu...
The control sequence at the end of the top line
of your error message was never \def'ed. If you have
misspelled it (e.g., `\hobx'), type `I' and the correct
spelling (e.g., `I\hbox'). Otherwise just continue,
and I'll forget about whatever was undefined.

[3]
Underfull \hbox (badness 10000) in paragraph at lines 596--596
[]\OT1/ptm/m/n/8 Written
 []

./bare_conf.tex:607: Undefined control sequence.
l.607 \tab
          ~\ref{tab:tautanposneg} merupakan tabel yang berisi frekuensi taut...
The control sequence at the end of the top line
of your error message was never \def'ed. If you have
misspelled it (e.g., `\hobx'), type `I' and the correct
spelling (e.g., `I\hbox'). Otherwise just continue,
and I'll forget about whatever was undefined.

./bare_conf.tex:618: Undefined control sequence.
l.618 ... & 1,409 	& 1 & 1 & 4 & 1,606 & \multirow
                                                  {6}{*}{Written}\\
The control sequence at the end of the top line
of your error message was never \def'ed. If you have
misspelled it (e.g., `\hobx'), type `I' and the correct
spelling (e.g., `I\hbox'). Otherwise just continue,
and I'll forget about whatever was undefined.

./bare_conf.tex:625: Undefined control sequence.
l.625 ... & 1,466 	& 1 & 1 & 4 & 1,534 & \multirow
                                                  {6}{*}{Spoken}\\
The control sequence at the end of the top line
of your error message was never \def'ed. If you have
misspelled it (e.g., `\hobx'), type `I' and the correct
spelling (e.g., `I\hbox'). Otherwise just continue,
and I'll forget about whatever was undefined.


Overfull \hbox (57.1027pt too wide) in paragraph at lines 614--633
 [][] 
 []

./bare_conf.tex:636: Undefined control sequence.
l.636  \tab
           ~\ref{tab:deskriptif-konstituen} mencakup jarak dependensi dari s...
The control sequence at the end of the top line
of your error message was never \def'ed. If you have
misspelled it (e.g., `\hobx'), type `I' and the correct
spelling (e.g., `I\hbox'). Otherwise just continue,
and I'll forget about whatever was undefined.

./bare_conf.tex:636: Undefined control sequence.
l.636 ... dan negatif juga semakin jauh. Pada \tab
                                                  ~\ref{tab:deskriptif-konst...
The control sequence at the end of the top line
of your error message was never \def'ed. If you have
misspelled it (e.g., `\hobx'), type `I' and the correct
spelling (e.g., `I\hbox'). Otherwise just continue,
and I'll forget about whatever was undefined.

LaTeX Font Info:    Font shape `OML/ptm/m/n' in size <10> not available
(Font)              Font shape `OML/cmm/m/it' tried instead on input line 636.
./bare_conf.tex:645: Undefined control sequence.
l.645 ...2 	& 1 		& 1,5 	& 4	 	& 1,545 	&\multirow
                                                  {6}{*}{Tulis}\\
The control sequence at the end of the top line
of your error message was never \def'ed. If you have
misspelled it (e.g., `\hobx'), type `I' and the correct
spelling (e.g., `I\hbox'). Otherwise just continue,
and I'll forget about whatever was undefined.

./bare_conf.tex:652: Undefined control sequence.
l.652 ... 	& 1 		& 1,33 	& 4		& 1,456 	& \multirow
                                                  {6}{*}{Lisan}\\
The control sequence at the end of the top line
of your error message was never \def'ed. If you have
misspelled it (e.g., `\hobx'), type `I' and the correct
spelling (e.g., `I\hbox'). Otherwise just continue,
and I'll forget about whatever was undefined.


Overfull \hbox (82.43964pt too wide) in paragraph at lines 641--660
 [][] 
 []

./bare_conf.tex:663: Undefined control sequence.
l.663 Nilai-nilai pada \tab
                           ~\ref{tab:deskriptif-mdd} didapatkan dengan mengh...
The control sequence at the end of the top line
of your error message was never \def'ed. If you have
misspelled it (e.g., `\hobx'), type `I' and the correct
spelling (e.g., `I\hbox'). Otherwise just continue,
and I'll forget about whatever was undefined.

./bare_conf.tex:663: Undefined control sequence.
l.663 ... kalimat yang lebih panjang. Seperti \tab
                                                  ~\ref{tab:deskriptif-konst...
The control sequence at the end of the top line
of your error message was never \def'ed. If you have
misspelled it (e.g., `\hobx'), type `I' and the correct
spelling (e.g., `I\hbox'). Otherwise just continue,
and I'll forget about whatever was undefined.

[4]
./bare_conf.tex:668: Undefined control sequence.
l.668 ...a akar berupa kata kerja atau verba. \pic
                                                  ~\ref{fig:ls1436} dan \pic...
The control sequence at the end of the top line
of your error message was never \def'ed. If you have
misspelled it (e.g., `\hobx'), type `I' and the correct
spelling (e.g., `I\hbox'). Otherwise just continue,
and I'll forget about whatever was undefined.

./bare_conf.tex:668: Undefined control sequence.
l.668 ...tau verba. \pic~\ref{fig:ls1436} dan \pic
                                                  ~\ref{fig:ls1460} merupaka...
The control sequence at the end of the top line
of your error message was never \def'ed. If you have
misspelled it (e.g., `\hobx'), type `I' and the correct
spelling (e.g., `I\hbox'). Otherwise just continue,
and I'll forget about whatever was undefined.

./bare_conf.tex:668: Undefined control sequence.
l.668 ...emukan pada korpus data ragam lisan. \pic
                                                  ~\ref{fig:akarcontoh} mena...
The control sequence at the end of the top line
of your error message was never \def'ed. If you have
misspelled it (e.g., `\hobx'), type `I' and the correct
spelling (e.g., `I\hbox'). Otherwise just continue,
and I'll forget about whatever was undefined.

./bare_conf.tex:668: Undefined control sequence.
l.668 ... tahu} pada kalimat L\textit{akar}a (\pic
                                                  ~\ref{fig:ls1436}) dan L\t...
The control sequence at the end of the top line
of your error message was never \def'ed. If you have
misspelled it (e.g., `\hobx'), type `I' and the correct
spelling (e.g., `I\hbox'). Otherwise just continue,
and I'll forget about whatever was undefined.

./bare_conf.tex:668: Undefined control sequence.
l.668 ...ef{fig:ls1436}) dan L\textit{akar}b (\pic
                                                  ~\ref{fig:ls1460}) berada ...
The control sequence at the end of the top line
of your error message was never \def'ed. If you have
misspelled it (e.g., `\hobx'), type `I' and the correct
spelling (e.g., `I\hbox'). Otherwise just continue,
and I'll forget about whatever was undefined.

./bare_conf.tex:668: Undefined control sequence.
l.668 ...n kata juga sempat dijabarkan oleh \citet
                                                  [hlm. 209]{sneddon2010indo...
The control sequence at the end of the top line
of your error message was never \def'ed. If you have
misspelled it (e.g., `\hobx'), type `I' and the correct
spelling (e.g., `I\hbox'). Otherwise just continue,
and I'll forget about whatever was undefined.


./bare_conf.tex:673: LaTeX Error: Environment subfigure undefined.

See the LaTeX manual or LaTeX Companion for explanation.
Type  H <return>  for immediate help.
 ...                                              
                                                  
l.673 \begin{subfigure}
                       {.4\linewidth}
Your command was ignored.
Type  I <command> <return>  to replace it with another command,
or  <return>  to continue without it.

./bare_conf.tex:673: Missing number, treated as zero.
<to be read again> 
                   }
l.673 \begin{subfigure}{.4\linewidth}
                                     
A number should have been here; I inserted `0'.
(If you can't figure out why I needed to see a number,
look up `weird error' in the index to The TeXbook.)

./bare_conf.tex:673: Illegal unit of measure (pt inserted).
<to be read again> 
                   }
l.673 \begin{subfigure}{.4\linewidth}
                                     
Dimensions can be in units of em, ex, in, pt, pc,
cm, mm, dd, cc, nd, nc, bp, or sp; but yours is a new one!
I'll assume that you meant to say pt, for printer's points.
To recover gracefully from this error, it's best to
delete the erroneous units; e.g., type `2' to delete
two letters. (See Chapter 27 of The TeXbook.)

./bare_conf.tex:675: Undefined control sequence.
l.675   \includegraphics
                        [width=1\linewidth] {pics/ls1436.jpg}
The control sequence at the end of the top line
of your error message was never \def'ed. If you have
misspelled it (e.g., `\hobx'), type `I' and the correct
spelling (e.g., `I\hbox'). Otherwise just continue,
and I'll forget about whatever was undefined.

./bare_conf.tex:675: Missing number, treated as zero.
<to be read again> 
                   ]
l.675   \includegraphics[width=1\linewidth]
                                            {pics/ls1436.jpg}
A number should have been here; I inserted `0'.
(If you can't figure out why I needed to see a number,
look up `weird error' in the index to The TeXbook.)

./bare_conf.tex:675: Illegal unit of measure (pt inserted).
<to be read again> 
                   ]
l.675   \includegraphics[width=1\linewidth]
                                            {pics/ls1436.jpg}
Dimensions can be in units of em, ex, in, pt, pc,
cm, mm, dd, cc, nd, nc, bp, or sp; but yours is a new one!
I'll assume that you meant to say pt, for printer's points.
To recover gracefully from this error, it's best to
delete the erroneous units; e.g., type `2' to delete
two letters. (See Chapter 27 of The TeXbook.)


./bare_conf.tex:678: LaTeX Error: \begin{figure} on input line 670 ended by \en
d{subfigure}.

See the LaTeX manual or LaTeX Companion for explanation.
Type  H <return>  for immediate help.
 ...                                              
                                                  
l.678 \end{subfigure}
                     
Your command was ignored.
Type  I <command> <return>  to replace it with another command,
or  <return>  to continue without it.


./bare_conf.tex:680: LaTeX Error: Environment subfigure undefined.

See the LaTeX manual or LaTeX Companion for explanation.
Type  H <return>  for immediate help.
 ...                                              
                                                  
l.680 \begin{subfigure}
                       {.58\linewidth}
Your command was ignored.
Type  I <command> <return>  to replace it with another command,
or  <return>  to continue without it.

./bare_conf.tex:680: Missing number, treated as zero.
<to be read again> 
                   }
l.680 \begin{subfigure}{.58\linewidth}
                                      
A number should have been here; I inserted `0'.
(If you can't figure out why I needed to see a number,
look up `weird error' in the index to The TeXbook.)

./bare_conf.tex:680: Illegal unit of measure (pt inserted).
<to be read again> 
                   }
l.680 \begin{subfigure}{.58\linewidth}
                                      
Dimensions can be in units of em, ex, in, pt, pc,
cm, mm, dd, cc, nd, nc, bp, or sp; but yours is a new one!
I'll assume that you meant to say pt, for printer's points.
To recover gracefully from this error, it's best to
delete the erroneous units; e.g., type `2' to delete
two letters. (See Chapter 27 of The TeXbook.)

./bare_conf.tex:682: Undefined control sequence.
l.682   \includegraphics
                        [width=1\linewidth]{pics/ls1460.jpg}
The control sequence at the end of the top line
of your error message was never \def'ed. If you have
misspelled it (e.g., `\hobx'), type `I' and the correct
spelling (e.g., `I\hbox'). Otherwise just continue,
and I'll forget about whatever was undefined.

./bare_conf.tex:682: Missing number, treated as zero.
<to be read again> 
                   ]
l.682   \includegraphics[width=1\linewidth]
                                           {pics/ls1460.jpg}
A number should have been here; I inserted `0'.
(If you can't figure out why I needed to see a number,
look up `weird error' in the index to The TeXbook.)

./bare_conf.tex:682: Illegal unit of measure (pt inserted).
<to be read again> 
                   ]
l.682   \includegraphics[width=1\linewidth]
                                           {pics/ls1460.jpg}
Dimensions can be in units of em, ex, in, pt, pc,
cm, mm, dd, cc, nd, nc, bp, or sp; but yours is a new one!
I'll assume that you meant to say pt, for printer's points.
To recover gracefully from this error, it's best to
delete the erroneous units; e.g., type `2' to delete
two letters. (See Chapter 27 of The TeXbook.)


./bare_conf.tex:685: LaTeX Error: \begin{figure} on input line 670 ended by \en
d{subfigure}.

See the LaTeX manual or LaTeX Companion for explanation.
Type  H <return>  for immediate help.
 ...                                              
                                                  
l.685 \end{subfigure}
                     
Your command was ignored.
Type  I <command> <return>  to replace it with another command,
or  <return>  to continue without it.


LaTeX Warning: Citation `tesniere1959elements' on page 5 undefined on input lin
e 691.


./bare_conf.tex:696: LaTeX Error: Environment subfigure undefined.

See the LaTeX manual or LaTeX Companion for explanation.
Type  H <return>  for immediate help.
 ...                                              
                                                  
l.696 \begin{subfigure}
                       {.7\linewidth}
Your command was ignored.
Type  I <command> <return>  to replace it with another command,
or  <return>  to continue without it.

./bare_conf.tex:696: Missing number, treated as zero.
<to be read again> 
                   }
l.696 \begin{subfigure}{.7\linewidth}
                                     
A number should have been here; I inserted `0'.
(If you can't figure out why I needed to see a number,
look up `weird error' in the index to The TeXbook.)

./bare_conf.tex:696: Illegal unit of measure (pt inserted).
<to be read again> 
                   }
l.696 \begin{subfigure}{.7\linewidth}
                                     
Dimensions can be in units of em, ex, in, pt, pc,
cm, mm, dd, cc, nd, nc, bp, or sp; but yours is a new one!
I'll assume that you meant to say pt, for printer's points.
To recover gracefully from this error, it's best to
delete the erroneous units; e.g., type `2' to delete
two letters. (See Chapter 27 of The TeXbook.)

./bare_conf.tex:698: Undefined control sequence.
l.698   \includegraphics
                        [width=1\linewidth] {pics/tulisroot_DLposneg.png}
The control sequence at the end of the top line
of your error message was never \def'ed. If you have
misspelled it (e.g., `\hobx'), type `I' and the correct
spelling (e.g., `I\hbox'). Otherwise just continue,
and I'll forget about whatever was undefined.

./bare_conf.tex:698: Missing number, treated as zero.
<to be read again> 
                   ]
l.698   \includegraphics[width=1\linewidth]
                                            {pics/tulisroot_DLposneg.png}
A number should have been here; I inserted `0'.
(If you can't figure out why I needed to see a number,
look up `weird error' in the index to The TeXbook.)

./bare_conf.tex:698: Illegal unit of measure (pt inserted).
<to be read again> 
                   ]
l.698   \includegraphics[width=1\linewidth]
                                            {pics/tulisroot_DLposneg.png}
Dimensions can be in units of em, ex, in, pt, pc,
cm, mm, dd, cc, nd, nc, bp, or sp; but yours is a new one!
I'll assume that you meant to say pt, for printer's points.
To recover gracefully from this error, it's best to
delete the erroneous units; e.g., type `2' to delete
two letters. (See Chapter 27 of The TeXbook.)

./bare_conf.tex:698: Missing $ inserted.
<inserted text> 
                $
l.698 ...phics[width=1\linewidth] {pics/tulisroot_
                                                  DLposneg.png}
I've inserted a begin-math/end-math symbol since I think
you left one out. Proceed, with fingers crossed.

./bare_conf.tex:698: Extra }, or forgotten $.
l.698 ...\linewidth] {pics/tulisroot_DLposneg.png}
                                                  
I've deleted a group-closing symbol because it seems to be
spurious, as in `$x}$'. But perhaps the } is legitimate and
you forgot something else, as in `\hbox{$x}'. In such cases
the way to recover is to insert both the forgotten and the
deleted material, e.g., by typing `I$}'.

./bare_conf.tex:699: Missing $ inserted.
<inserted text> 
                $
l.699 ...an negatif simpai pusat data ragam tulis}
                                                  
I've inserted a begin-math/end-math symbol since I think
you left one out. Proceed, with fingers crossed.


./bare_conf.tex:701: LaTeX Error: \begin{figure} on input line 693 ended by \en
d{subfigure}.

See the LaTeX manual or LaTeX Companion for explanation.
Type  H <return>  for immediate help.
 ...                                              
                                                  
l.701 \end{subfigure}
                     
Your command was ignored.
Type  I <command> <return>  to replace it with another command,
or  <return>  to continue without it.

./bare_conf.tex:701: Missing } inserted.
<inserted text> 
                }
l.701 \end{subfigure}
                     
I've inserted something that you may have forgotten.
(See the <inserted text> above.)
With luck, this will get me unwedged. But if you
really didn't forget anything, try typing `2' now; then
my insertion and my current dilemma will both disappear.


./bare_conf.tex:703: LaTeX Error: Environment subfigure undefined.

See the LaTeX manual or LaTeX Companion for explanation.
Type  H <return>  for immediate help.
 ...                                              
                                                  
l.703 \begin{subfigure}
                       {.7\linewidth}
Your command was ignored.
Type  I <command> <return>  to replace it with another command,
or  <return>  to continue without it.

./bare_conf.tex:703: Missing number, treated as zero.
<to be read again> 
                   }
l.703 \begin{subfigure}{.7\linewidth}
                                     
A number should have been here; I inserted `0'.
(If you can't figure out why I needed to see a number,
look up `weird error' in the index to The TeXbook.)

./bare_conf.tex:703: Illegal unit of measure (pt inserted).
<to be read again> 
                   }
l.703 \begin{subfigure}{.7\linewidth}
                                     
Dimensions can be in units of em, ex, in, pt, pc,
cm, mm, dd, cc, nd, nc, bp, or sp; but yours is a new one!
I'll assume that you meant to say pt, for printer's points.
To recover gracefully from this error, it's best to
delete the erroneous units; e.g., type `2' to delete
two letters. (See Chapter 27 of The TeXbook.)

./bare_conf.tex:705: Undefined control sequence.
l.705   \includegraphics
                        [width=1\linewidth]{pics/lisanroot_DLposneg.png}
The control sequence at the end of the top line
of your error message was never \def'ed. If you have
misspelled it (e.g., `\hobx'), type `I' and the correct
spelling (e.g., `I\hbox'). Otherwise just continue,
and I'll forget about whatever was undefined.

./bare_conf.tex:705: Missing number, treated as zero.
<to be read again> 
                   ]
l.705   \includegraphics[width=1\linewidth]
                                           {pics/lisanroot_DLposneg.png}
A number should have been here; I inserted `0'.
(If you can't figure out why I needed to see a number,
look up `weird error' in the index to The TeXbook.)

./bare_conf.tex:705: Illegal unit of measure (pt inserted).
<to be read again> 
                   ]
l.705   \includegraphics[width=1\linewidth]
                                           {pics/lisanroot_DLposneg.png}
Dimensions can be in units of em, ex, in, pt, pc,
cm, mm, dd, cc, nd, nc, bp, or sp; but yours is a new one!
I'll assume that you meant to say pt, for printer's points.
To recover gracefully from this error, it's best to
delete the erroneous units; e.g., type `2' to delete
two letters. (See Chapter 27 of The TeXbook.)

./bare_conf.tex:705: Missing $ inserted.
<inserted text> 
                $
l.705 ...aphics[width=1\linewidth]{pics/lisanroot_
                                                  DLposneg.png}
I've inserted a begin-math/end-math symbol since I think
you left one out. Proceed, with fingers crossed.

./bare_conf.tex:705: Extra }, or forgotten $.
l.705 ...1\linewidth]{pics/lisanroot_DLposneg.png}
                                                  
I've deleted a group-closing symbol because it seems to be
spurious, as in `$x}$'. But perhaps the } is legitimate and
you forgot something else, as in `\hbox{$x}'. In such cases
the way to recover is to insert both the forgotten and the
deleted material, e.g., by typing `I$}'.

./bare_conf.tex:706: Missing $ inserted.
<inserted text> 
                $
l.706 ...an negatif simpai pusat data ragam lisan}
                                                  
I've inserted a begin-math/end-math symbol since I think
you left one out. Proceed, with fingers crossed.


./bare_conf.tex:708: LaTeX Error: \begin{figure} on input line 693 ended by \en
d{subfigure}.

See the LaTeX manual or LaTeX Companion for explanation.
Type  H <return>  for immediate help.
 ...                                              
                                                  
l.708 \end{subfigure}
                     
Your command was ignored.
Type  I <command> <return>  to replace it with another command,
or  <return>  to continue without it.

./bare_conf.tex:708: Missing } inserted.
<inserted text> 
                }
l.708 \end{subfigure}
                     
I've inserted something that you may have forgotten.
(See the <inserted text> above.)
With luck, this will get me unwedged. But if you
really didn't forget anything, try typing `2' now; then
my insertion and my current dilemma will both disappear.

./bare_conf.tex:715: Undefined control sequence.
l.715 \pic
          ~\ref{fig:tulisroot_DLposneg} dan \pic~\ref{fig:lisanroot_DLposneg...
The control sequence at the end of the top line
of your error message was never \def'ed. If you have
misspelled it (e.g., `\hobx'), type `I' and the correct
spelling (e.g., `I\hbox'). Otherwise just continue,
and I'll forget about whatever was undefined.

./bare_conf.tex:715: Undefined control sequence.
l.715 \pic~\ref{fig:tulisroot_DLposneg} dan \pic
                                                ~\ref{fig:lisanroot_DLposneg...
The control sequence at the end of the top line
of your error message was never \def'ed. If you have
misspelled it (e.g., `\hobx'), type `I' and the correct
spelling (e.g., `I\hbox'). Otherwise just continue,
and I'll forget about whatever was undefined.

./bare_conf.tex:715: Undefined control sequence.
l.715 ...lau boleh tahu} dan akarnya di atas (\pic
                                                  ~\ref{fig:akarcontoh}). \p...
The control sequence at the end of the top line
of your error message was never \def'ed. If you have
misspelled it (e.g., `\hobx'), type `I' and the correct
spelling (e.g., `I\hbox'). Otherwise just continue,
and I'll forget about whatever was undefined.

./bare_conf.tex:715: Undefined control sequence.
l.715 ...di atas (\pic~\ref{fig:akarcontoh}). \pic
                                                  ~\ref{fig:rootDL_posneg} m...
The control sequence at the end of the top line
of your error message was never \def'ed. If you have
misspelled it (e.g., `\hobx'), type `I' and the correct
spelling (e.g., `I\hbox'). Otherwise just continue,
and I'll forget about whatever was undefined.

./bare_conf.tex:715: Undefined control sequence.
l.715 ...pada kalimat panjang. Berbeda dengan \pic
                                                  ~\ref{fig:DL_posneg} yang ...
The control sequence at the end of the top line
of your error message was never \def'ed. If you have
misspelled it (e.g., `\hobx'), type `I' and the correct
spelling (e.g., `I\hbox'). Otherwise just continue,
and I'll forget about whatever was undefined.

./bare_conf.tex:715: Undefined control sequence.
l.715 ...alam. Meskipun begitu, serupa dengan \pic
                                                  ~\ref{fig:DL_posneg}, gari...
The control sequence at the end of the top line
of your error message was never \def'ed. If you have
misspelled it (e.g., `\hobx'), type `I' and the correct
spelling (e.g., `I\hbox'). Otherwise just continue,
and I'll forget about whatever was undefined.


Underfull \hbox (badness 1708) in paragraph at lines 722--722
[]\OT1/ptm/m/n/8 Spoken (+
 []


Underfull \hbox (badness 1708) in paragraph at lines 722--722
[]\OT1/ptm/m/n/8 Spoken (+
 []

./bare_conf.tex:733: Undefined control sequence.
l.733 \tab
          ~\ref{tab:DLpusatposneg} berisi jumlah-jumlah kalimat dengan melih...
The control sequence at the end of the top line
of your error message was never \def'ed. If you have
misspelled it (e.g., `\hobx'), type `I' and the correct
spelling (e.g., `I\hbox'). Otherwise just continue,
and I'll forget about whatever was undefined.

./bare_conf.tex:733: Undefined control sequence.
l.733 ...memiliki akar verbal. Berbeda dengan \tab
                                                  ~\ref{tab:DLposneg}, kalim...
The control sequence at the end of the top line
of your error message was never \def'ed. If you have
misspelled it (e.g., `\hobx'), type `I' and the correct
spelling (e.g., `I\hbox'). Otherwise just continue,
and I'll forget about whatever was undefined.

[5]
Underfull \hbox (badness 10000) in paragraph at lines 740--740
[]\OT1/ptm/m/n/8 Written
 []

./bare_conf.tex:751: Undefined control sequence.
l.751 \tab
          ~\ref{tab:tautanpusatposneg} memperlihatkan bahwa pada simpai pusa...
The control sequence at the end of the top line
of your error message was never \def'ed. If you have
misspelled it (e.g., `\hobx'), type `I' and the correct
spelling (e.g., `I\hbox'). Otherwise just continue,
and I'll forget about whatever was undefined.

./bare_conf.tex:751: Undefined control sequence.
l.751 ... namun rasionya tidak seekstrim pada \tab
                                                  ~\ref{tab:DLpusatposneg}.
The control sequence at the end of the top line
of your error message was never \def'ed. If you have
misspelled it (e.g., `\hobx'), type `I' and the correct
spelling (e.g., `I\hbox'). Otherwise just continue,
and I'll forget about whatever was undefined.

./bare_conf.tex:761: Undefined control sequence.
l.761 ...428 	& 1 		& 1		& 4	 	& 1,748 	&\multirow
                                                  {6}{*}{Tulis}\\
The control sequence at the end of the top line
of your error message was never \def'ed. If you have
misspelled it (e.g., `\hobx'), type `I' and the correct
spelling (e.g., `I\hbox'). Otherwise just continue,
and I'll forget about whatever was undefined.

./bare_conf.tex:768: Undefined control sequence.
l.768 ...482 	& 1 		& 1	 	& 4		& 1,69 	& \multirow
                                                  {6}{*}{Lisan}\\
The control sequence at the end of the top line
of your error message was never \def'ed. If you have
misspelled it (e.g., `\hobx'), type `I' and the correct
spelling (e.g., `I\hbox'). Otherwise just continue,
and I'll forget about whatever was undefined.


Overfull \hbox (50.43884pt too wide) in paragraph at lines 757--777
 [][] 
 []

./bare_conf.tex:780: Undefined control sequence.
l.780 \tab
          ~\ref{tab:deskriptif-konstituenpusat} mencakup jarak dependensi da...
The control sequence at the end of the top line
of your error message was never \def'ed. If you have
misspelled it (e.g., `\hobx'), type `I' and the correct
spelling (e.g., `I\hbox'). Otherwise just continue,
and I'll forget about whatever was undefined.

./bare_conf.tex:780: Undefined control sequence.
l.780 ...t yang semakin panjang. Seperti pada \tab
                                                  ~\ref{tab:deskriptif-konst...
The control sequence at the end of the top line
of your error message was never \def'ed. If you have
misspelled it (e.g., `\hobx'), type `I' and the correct
spelling (e.g., `I\hbox'). Otherwise just continue,
and I'll forget about whatever was undefined.

./bare_conf.tex:780: Undefined control sequence.
l.780 ...hubungan dua konstituen secara umum (\tab
                                                  ~\ref{tab:deskriptif-konst...
The control sequence at the end of the top line
of your error message was never \def'ed. If you have
misspelled it (e.g., `\hobx'), type `I' and the correct
spelling (e.g., `I\hbox'). Otherwise just continue,
and I'll forget about whatever was undefined.

./bare_conf.tex:780: Undefined control sequence.
l.780 ...it{P} \textless 0.05). Serupa dengan \tab
                                                  ~\ref{tab:deskriptif-konst...
The control sequence at the end of the top line
of your error message was never \def'ed. If you have
misspelled it (e.g., `\hobx'), type `I' and the correct
spelling (e.g., `I\hbox'). Otherwise just continue,
and I'll forget about whatever was undefined.

./bare_conf.tex:790: Undefined control sequence.
l.790 ...363	& 1 		& 1,5		& 4	 	& 1,632	&\multirow
                                                  {6}{*}{Tulis}\\
The control sequence at the end of the top line
of your error message was never \def'ed. If you have
misspelled it (e.g., `\hobx'), type `I' and the correct
spelling (e.g., `I\hbox'). Otherwise just continue,
and I'll forget about whatever was undefined.

./bare_conf.tex:797: Undefined control sequence.
l.797 ...327	& 1 		& 1,5 	& 4		& 1,531	& \multirow
                                                  {6}{*}{Lisan}\\
The control sequence at the end of the top line
of your error message was never \def'ed. If you have
misspelled it (e.g., `\hobx'), type `I' and the correct
spelling (e.g., `I\hbox'). Otherwise just continue,
and I'll forget about whatever was undefined.


Overfull \hbox (82.43964pt too wide) in paragraph at lines 786--806
 [][] 
 []

./bare_conf.tex:809: Undefined control sequence.
l.809 Hasil pada \tab
                     ~\ref{tab:deskriptif-mddpusat} didapatkan dengan menghi...
The control sequence at the end of the top line
of your error message was never \def'ed. If you have
misspelled it (e.g., `\hobx'), type `I' and the correct
spelling (e.g., `I\hbox'). Otherwise just continue,
and I'll forget about whatever was undefined.

./bare_conf.tex:809: Undefined control sequence.
l.809 ... akar verbal setiap kalimat. Seperti \tab
                                                  ~\ref{tab:deskriptif-mdd},...
The control sequence at the end of the top line
of your error message was never \def'ed. If you have
misspelled it (e.g., `\hobx'), type `I' and the correct
spelling (e.g., `I\hbox'). Otherwise just continue,
and I'll forget about whatever was undefined.

./bare_conf.tex:809: Undefined control sequence.
l.809 ...ar dibandingkan ragam lisan. Seperti \tab
                                                  ~\ref{tab:deskriptif-konst...
The control sequence at the end of the top line
of your error message was never \def'ed. If you have
misspelled it (e.g., `\hobx'), type `I' and the correct
spelling (e.g., `I\hbox'). Otherwise just continue,
and I'll forget about whatever was undefined.

./bare_conf.tex:814: Undefined control sequence.
l.814 ...arah (\textit{mixed-branching}) (\citealp
                                                  {hawkins1994performance, f...
The control sequence at the end of the top line
of your error message was never \def'ed. If you have
misspelled it (e.g., `\hobx'), type `I' and the correct
spelling (e.g., `I\hbox'). Otherwise just continue,
and I'll forget about whatever was undefined.

./bare_conf.tex:814: Undefined control sequence.
l.814 ...nya percabangan beda arah saja) (\citealp
                                                  {dryer1992greenbergian, te...
The control sequence at the end of the top line
of your error message was never \def'ed. If you have
misspelled it (e.g., `\hobx'), type `I' and the correct
spelling (e.g., `I\hbox'). Otherwise just continue,
and I'll forget about whatever was undefined.


LaTeX Warning: Citation `gildea2010grammars' on page 6 undefined on input line 
814.

./bare_conf.tex:814: Undefined control sequence.
l.814 ...erpendek yang juga dianalisis oleh \citep
                                                  {dryer1992greenbergian}. B...
The control sequence at the end of the top line
of your error message was never \def'ed. If you have
misspelled it (e.g., `\hobx'), type `I' and the correct
spelling (e.g., `I\hbox'). Otherwise just continue,
and I'll forget about whatever was undefined.


LaTeX Warning: Citation `dryer1992greenbergian' on page 6 undefined on input li
ne 814.


Underfull \hbox (badness 10000) in paragraph at lines 814--815
[]\OT1/ptm/m/n/10 Pada tin-jauan pus-taka, perg-er-akan panah yang
 []


Underfull \hbox (badness 10000) in paragraph at lines 814--815
\OT1/ptm/m/n/10 merep-re-sen-tasikan di-rek-sion-al-i-tas in-duk diba-has
 []


Underfull \hbox (badness 2762) in paragraph at lines 814--815
\OT1/ptm/m/n/10 men-jadi dua tipe, yaitu per-ca-ban-gan searah (\OT1/ptm/m/it/1
0 same-
 []


Underfull \hbox (badness 10000) in paragraph at lines 814--815
\OT1/ptm/m/n/10 (dryer1992greenbergian, tem-per-ley2008dependency).
 []


Underfull \hbox (badness 10000) in paragraph at lines 814--815
\OT1/ptm/m/n/10 dryer1992greenbergian. Berdasarkan data peneli-tian
 []


Underfull \hbox (badness 2103) in paragraph at lines 814--815
\OT1/ptm/m/n/10 dike-mukakan [[]] bahwa arah de-pen-densi tidak bisa
 []


Underfull \hbox (badness 6725) in paragraph at lines 814--815
\OT1/ptm/m/n/10 anal-i-sis den-gan pemetaan kepa-datan selisih an-tara
 []

./bare_conf.tex:816: Undefined control sequence.
l.816 ... dependensi positif dan negatif pada \pic
                                                  ~\ref{fig:DL_posneg} dan \...
The control sequence at the end of the top line
of your error message was never \def'ed. If you have
misspelled it (e.g., `\hobx'), type `I' and the correct
spelling (e.g., `I\hbox'). Otherwise just continue,
and I'll forget about whatever was undefined.

./bare_conf.tex:816: Undefined control sequence.
l.816 ...if pada \pic~\ref{fig:DL_posneg} dan \pic
                                                  ~\ref{fig:rootDL_posneg} y...
The control sequence at the end of the top line
of your error message was never \def'ed. If you have
misspelled it (e.g., `\hobx'), type `I' and the correct
spelling (e.g., `I\hbox'). Otherwise just continue,
and I'll forget about whatever was undefined.

[6]
Overfull \hbox (5.63524pt too wide) in paragraph at lines 818--820
[]\OT1/ptm/m/n/10 =========================================
 []


Overfull \hbox (1.27513pt too wide) in paragraph at lines 818--820
\OT1/ptm/m/n/10 ========================================== 
 []


Overfull \hbox (5.63524pt too wide) in paragraph at lines 907--909
[]\OT1/ptm/m/n/10 =========================================
 []


Overfull \hbox (1.27513pt too wide) in paragraph at lines 907--909
\OT1/ptm/m/n/10 ========================================== 
 []

./bare_conf.tex:910: Undefined control sequence.
l.910 ...rasa dalam tata bahasa yang ada (\citealp
                                                  {kridalaksana2002struktur,...
The control sequence at the end of the top line
of your error message was never \def'ed. If you have
misspelled it (e.g., `\hobx'), type `I' and the correct
spelling (e.g., `I\hbox'). Otherwise just continue,
and I'll forget about whatever was undefined.


LaTeX Warning: Citation `futrell2015large' on page 7 undefined on input line 91
0.

./bare_conf.tex:912: Too many }'s.
l.912 ...ati posisi sebelum konstituen terikatnya}
                                                   pada hubungan antara dua ...
You've closed more groups than you opened.
Such booboos are generally harmless, so keep going.

./bare_conf.tex:912: Undefined control sequence.
l.912 ...yang memiliki urutan kata bebas (\citealp
                                                  {stack2005word, postman200...
The control sequence at the end of the top line
of your error message was never \def'ed. If you have
misspelled it (e.g., `\hobx'), type `I' and the correct
spelling (e.g., `I\hbox'). Otherwise just continue,
and I'll forget about whatever was undefined.

./bare_conf.tex:912: Undefined control sequence.
l.912 ...h dan kalimat masih dapat diterima \citep
                                                  [pp. 209-268]{sneddon2010i...
The control sequence at the end of the top line
of your error message was never \def'ed. If you have
misspelled it (e.g., `\hobx'), type `I' and the correct
spelling (e.g., `I\hbox'). Otherwise just continue,
and I'll forget about whatever was undefined.


Overfull \hbox (5.63524pt too wide) in paragraph at lines 918--920
[]\OT1/ptm/m/n/10 =========================================
 []


Overfull \hbox (1.27513pt too wide) in paragraph at lines 918--920
\OT1/ptm/m/n/10 ========================================== 
 []

(./bare_conf.bbl)

** Conference Paper **
Before submitting the final camera ready copy, remember to:

 1. Manually equalize the lengths of two columns on the last page
 of your paper;

 2. Ensure that any PostScript and/or PDF output post-processing
 uses only Type 1 fonts and that every step in the generation
 process uses the appropriate paper size.

[7] (./bare_conf.aux)

LaTeX Warning: There were undefined references.


LaTeX Warning: There were multiply-defined labels.

 ) 
Here is how much of TeX's memory you used:
 1000 strings out of 492995
 17363 string characters out of 6132704
 93215 words of memory out of 5000000
 4608 multiletter control sequences out of 15000+600000
 40481 words of font info for 74 fonts, out of 8000000 for 9000
 1144 hyphenation exceptions out of 8191
 26i,9n,22p,1544b,298s stack positions out of 5000i,500n,10000p,200000b,80000s
{/usr/local/texlive/2017/texmf-dist/fonts/enc/dvips/base/8r.enc}</usr/local/t
exlive/2017/texmf-dist/fonts/type1/public/amsfonts/cm/cmex10.pfb></usr/local/te
xlive/2017/texmf-dist/fonts/type1/public/amsfonts/cm/cmmi10.pfb></usr/local/tex
live/2017/texmf-dist/fonts/type1/public/amsfonts/cm/cmmi7.pfb></usr/local/texli
ve/2017/texmf-dist/fonts/type1/public/amsfonts/cm/cmmi8.pfb></usr/local/texlive
/2017/texmf-dist/fonts/type1/public/amsfonts/cm/cmr10.pfb></usr/local/texlive/2
017/texmf-dist/fonts/type1/public/amsfonts/cm/cmr7.pfb></usr/local/texlive/2017
/texmf-dist/fonts/type1/public/amsfonts/cm/cmsy10.pfb></usr/local/texlive/2017/
texmf-dist/fonts/type1/public/amsfonts/cm/cmsy7.pfb></usr/local/texlive/2017/te
xmf-dist/fonts/type1/urw/times/utmb8a.pfb></usr/local/texlive/2017/texmf-dist/f
onts/type1/urw/times/utmbi8a.pfb></usr/local/texlive/2017/texmf-dist/fonts/type
1/urw/times/utmr8a.pfb></usr/local/texlive/2017/texmf-dist/fonts/type1/urw/time
s/utmri8a.pfb>
Output written on bare_conf.pdf (7 pages, 145075 bytes).
PDF statistics:
 77 PDF objects out of 1000 (max. 8388607)
 55 compressed objects within 1 object stream
 0 named destinations out of 1000 (max. 500000)
 1 words of extra memory for PDF output out of 10000 (max. 10000000)

